f:\medicalregistrationplatform\x64\release\moc_qimagelabel.obj
f:\medicalregistrationplatform\x64\release\moc_qimagelable.obj
f:\medicalregistrationplatform\x64\release\qrc_mainwindow.obj
f:\medicalregistrationplatform\x64\release\moc_dataprocess.obj
f:\medicalregistrationplatform\x64\release\moc_mainwindow.obj
f:\medicalregistrationplatform\x64\release\dataprocess.obj
f:\medicalregistrationplatform\x64\release\qimagelabel.obj
f:\medicalregistrationplatform\x64\release\main.obj
f:\medicalregistrationplatform\x64\release\itkdrr.obj
f:\medicalregistrationplatform\x64\release\mainwindow.obj
f:\medicalregistrationplatform\x64\release\cudadrr.cu.obj
f:\medicalregistrationplatform\x64\release\medicalregistrationplatform.exe
f:\medicalregistrationplatform\x64\release\uic\ui_mainwindow.h
f:\medicalregistrationplatform\x64\release\rcc\qrc_mainwindow.cpp
f:\medicalregistrationplatform\x64\release\moc\moc_mainwindow.cpp
f:\medicalregistrationplatform\x64\release\moc\moc_qimagelabel.cpp
f:\medicalregistrationplatform\x64\release\moc\moc_qimagelable.cpp
f:\medicalregistrationplatform\x64\release\moc\moc_dataprocess.cpp
f:\medicalregistrationplatform\x64\release\cudadrr.cu.cache
f:\medicalregistrationplatform\x64\release\medicalr.942de962.tlog\cl.command.1.tlog
f:\medicalregistrationplatform\x64\release\medicalr.942de962.tlog\cl.read.1.tlog
f:\medicalregistrationplatform\x64\release\medicalr.942de962.tlog\cl.write.1.tlog
f:\medicalregistrationplatform\x64\release\medicalr.942de962.tlog\cudacompile.read.1u.tlog
f:\medicalregistrationplatform\x64\release\medicalr.942de962.tlog\cudacompile.write.1u.tlog
f:\medicalregistrationplatform\x64\release\medicalr.942de962.tlog\link.command.1.tlog
f:\medicalregistrationplatform\x64\release\medicalr.942de962.tlog\link.read.1.tlog
f:\medicalregistrationplatform\x64\release\medicalr.942de962.tlog\link.write.1.tlog
f:\medicalregistrationplatform\x64\release\medicalr.942de962.tlog\medicalregistrationplatform.write.1u.tlog
f:\medicalregistrationplatform\x64\release\medicalr.942de962.tlog\moc.read.1u.tlog
f:\medicalregistrationplatform\x64\release\medicalr.942de962.tlog\moc.write.1u.tlog
f:\medicalregistrationplatform\x64\release\medicalr.942de962.tlog\rcc.read.1u.tlog
f:\medicalregistrationplatform\x64\release\medicalr.942de962.tlog\rcc.write.1u.tlog
f:\medicalregistrationplatform\x64\release\medicalr.942de962.tlog\uic.read.1u.tlog
f:\medicalregistrationplatform\x64\release\medicalr.942de962.tlog\uic.write.1u.tlog
