f:\medicalregistrationplatform\x64\debug\moc_qimagelabel.obj
f:\medicalregistrationplatform\x64\debug\qrc_mainwindow.obj
f:\medicalregistrationplatform\x64\debug\moc_dataprocess.obj
f:\medicalregistrationplatform\x64\debug\moc_mainwindow.obj
f:\medicalregistrationplatform\x64\debug\moc_qimagelable.obj
f:\medicalregistrationplatform\x64\debug\itkdrr.obj
f:\medicalregistrationplatform\x64\debug\qimagelable.obj
f:\medicalregistrationplatform\x64\debug\mainwindow.obj
f:\medicalregistrationplatform\x64\debug\qimagelabel.obj
f:\medicalregistrationplatform\x64\debug\main.obj
f:\medicalregistrationplatform\x64\debug\dataprocess.obj
f:\medicalregistrationplatform\x64\debug\vc143.pdb
f:\medicalregistrationplatform\x64\debug\cudadrr.cu.obj
f:\medicalregistrationplatform\x64\debug\cuda_ncc.cu.obj
f:\medicalregistrationplatform\x64\debug\medicalregistrationplatform.exe
f:\medicalregistrationplatform\x64\debug\medicalregistrationplatform.ilk
f:\medicalregistrationplatform\x64\debug\medicalregistrationplatform.pdb
f:\medicalregistrationplatform\x64\debug\uic\ui_mainwindow.h
f:\medicalregistrationplatform\x64\debug\rcc\qrc_mainwindow.cpp
f:\medicalregistrationplatform\x64\debug\moc\moc_mainwindow.cpp
f:\medicalregistrationplatform\x64\debug\moc\moc_qimagelabel.cpp
f:\medicalregistrationplatform\x64\debug\moc\moc_qimagelable.cpp
f:\medicalregistrationplatform\x64\debug\moc\moc_dataprocess.cpp
f:\medicalregistrationplatform\x64\debug\cudadrr.cu.cache
f:\medicalregistrationplatform\x64\debug\cuda_ncc.cu.cache
f:\medicalregistrationplatform\x64\debug\medicalr.942de962.tlog\cl.command.1.tlog
f:\medicalregistrationplatform\x64\debug\medicalr.942de962.tlog\cl.read.1.tlog
f:\medicalregistrationplatform\x64\debug\medicalr.942de962.tlog\cl.write.1.tlog
f:\medicalregistrationplatform\x64\debug\medicalr.942de962.tlog\cudacompile.read.1u.tlog
f:\medicalregistrationplatform\x64\debug\medicalr.942de962.tlog\cudacompile.write.1u.tlog
f:\medicalregistrationplatform\x64\debug\medicalr.942de962.tlog\link.command.1.tlog
f:\medicalregistrationplatform\x64\debug\medicalr.942de962.tlog\link.read.1.tlog
f:\medicalregistrationplatform\x64\debug\medicalr.942de962.tlog\link.write.1.tlog
f:\medicalregistrationplatform\x64\debug\medicalr.942de962.tlog\medicalregistrationplatform.write.1u.tlog
f:\medicalregistrationplatform\x64\debug\medicalr.942de962.tlog\moc.read.1u.tlog
f:\medicalregistrationplatform\x64\debug\medicalr.942de962.tlog\moc.write.1u.tlog
f:\medicalregistrationplatform\x64\debug\medicalr.942de962.tlog\rcc.read.1u.tlog
f:\medicalregistrationplatform\x64\debug\medicalr.942de962.tlog\rcc.write.1u.tlog
f:\medicalregistrationplatform\x64\debug\medicalr.942de962.tlog\uic.read.1u.tlog
f:\medicalregistrationplatform\x64\debug\medicalr.942de962.tlog\uic.write.1u.tlog
